<?xml version="1.0" encoding="UTF-8"?>
<testsuite name="io.micronaut.jaxrs.processor.HttpMethodAnnotationSpec" tests="17" skipped="0" failures="0" errors="0" timestamp="2020-01-28T11:33:17" hostname="Graemes-iMac-Pro.local" time="0.853">
  <properties/>
  <testcase name="test mapped annotation for interface javax.ws.rs.GET" classname="io.micronaut.jaxrs.processor.HttpMethodAnnotationSpec" time="0.044"/>
  <testcase name="test mapped annotation for interface javax.ws.rs.POST" classname="io.micronaut.jaxrs.processor.HttpMethodAnnotationSpec" time="0.04"/>
  <testcase name="test mapped annotation for interface javax.ws.rs.PUT" classname="io.micronaut.jaxrs.processor.HttpMethodAnnotationSpec" time="0.038"/>
  <testcase name="test mapped annotation for interface javax.ws.rs.DELETE" classname="io.micronaut.jaxrs.processor.HttpMethodAnnotationSpec" time="0.039"/>
  <testcase name="test mapped annotation for interface javax.ws.rs.HEAD" classname="io.micronaut.jaxrs.processor.HttpMethodAnnotationSpec" time="0.038"/>
  <testcase name="test mapped annotation for interface javax.ws.rs.OPTIONS" classname="io.micronaut.jaxrs.processor.HttpMethodAnnotationSpec" time="0.037"/>
  <testcase name="test mapping no path specified" classname="io.micronaut.jaxrs.processor.HttpMethodAnnotationSpec" time="0.034"/>
  <testcase name="test mapping with validation" classname="io.micronaut.jaxrs.processor.HttpMethodAnnotationSpec" time="0.193"/>
  <testcase name="test mapping with implicit validation" classname="io.micronaut.jaxrs.processor.HttpMethodAnnotationSpec" time="0.062"/>
  <testcase name="test custom http method mapping for GET" classname="io.micronaut.jaxrs.processor.HttpMethodAnnotationSpec" time="0.041"/>
  <testcase name="test custom http method mapping for get" classname="io.micronaut.jaxrs.processor.HttpMethodAnnotationSpec" time="0.038"/>
  <testcase name="test custom http method mapping for POST" classname="io.micronaut.jaxrs.processor.HttpMethodAnnotationSpec" time="0.041"/>
  <testcase name="test custom http method mapping for PUT" classname="io.micronaut.jaxrs.processor.HttpMethodAnnotationSpec" time="0.04"/>
  <testcase name="test custom http method mapping for DELETE" classname="io.micronaut.jaxrs.processor.HttpMethodAnnotationSpec" time="0.038"/>
  <testcase name="test custom http method mapping for HEAD" classname="io.micronaut.jaxrs.processor.HttpMethodAnnotationSpec" time="0.042"/>
  <testcase name="test custom http method mapping for OPTIONS" classname="io.micronaut.jaxrs.processor.HttpMethodAnnotationSpec" time="0.041"/>
  <testcase name="test custom http method mapping for WATCH" classname="io.micronaut.jaxrs.processor.HttpMethodAnnotationSpec" time="0.04"/>
  <system-out><![CDATA[12:33:17.458 [Test worker] DEBUG io.micronaut.context.env.DefaultEnvironment - Environment deduction is using the default of: true
12:33:17.475 [Test worker] INFO io.micronaut.context.env.DefaultEnvironment - Established active environments: [test, t, e, s]
12:33:17.493 [Test worker] DEBUG io.micronaut.context.env.DefaultEnvironment - Starting environment io.micronaut.context.DefaultApplicationContext$RuntimeConfiguredEnvironment@6c7e0cf7 for active names [test, t, e, s]
12:33:17.499 [Test worker] DEBUG io.micronaut.context.env.DefaultEnvironment - Reading property sources from loader: io.micronaut.jackson.env.JsonPropertySourceLoader@50698cbd
12:33:17.500 [Test worker] DEBUG io.micronaut.context.env.AbstractPropertySourceLoader - No PropertySource found for file name: application.json
12:33:17.501 [Test worker] DEBUG io.micronaut.context.env.AbstractPropertySourceLoader - No PropertySource found for file name: application-test.json
12:33:17.501 [Test worker] DEBUG io.micronaut.context.env.AbstractPropertySourceLoader - No PropertySource found for file name: application-t.json
12:33:17.501 [Test worker] DEBUG io.micronaut.context.env.AbstractPropertySourceLoader - No PropertySource found for file name: application-e.json
12:33:17.501 [Test worker] DEBUG io.micronaut.context.env.AbstractPropertySourceLoader - No PropertySource found for file name: application-s.json
12:33:17.502 [Test worker] DEBUG io.micronaut.context.env.DefaultEnvironment - Reading property sources from loader: io.micronaut.jackson.env.EnvJsonPropertySourceLoader@7bb26150
12:33:17.502 [Test worker] DEBUG io.micronaut.context.env.AbstractPropertySourceLoader - No PropertySource found for file name: application.json
12:33:17.502 [Test worker] DEBUG io.micronaut.context.env.AbstractPropertySourceLoader - No PropertySource found for file name: application-test.json
12:33:17.502 [Test worker] DEBUG io.micronaut.context.env.AbstractPropertySourceLoader - No PropertySource found for file name: application-t.json
12:33:17.502 [Test worker] DEBUG io.micronaut.context.env.AbstractPropertySourceLoader - No PropertySource found for file name: application-e.json
12:33:17.502 [Test worker] DEBUG io.micronaut.context.env.AbstractPropertySourceLoader - No PropertySource found for file name: application-s.json
12:33:17.502 [Test worker] DEBUG io.micronaut.context.env.DefaultEnvironment - Reading property sources from loader: io.micronaut.context.env.yaml.YamlPropertySourceLoader@de45aa4
12:33:17.503 [Test worker] DEBUG io.micronaut.context.env.AbstractPropertySourceLoader - No PropertySource found for file name: application.yml
12:33:17.503 [Test worker] DEBUG io.micronaut.context.env.AbstractPropertySourceLoader - No PropertySource found for file name: application.yaml
12:33:17.503 [Test worker] DEBUG io.micronaut.context.env.AbstractPropertySourceLoader - No PropertySource found for file name: application-test.yml
12:33:17.503 [Test worker] DEBUG io.micronaut.context.env.AbstractPropertySourceLoader - No PropertySource found for file name: application-test.yaml
12:33:17.503 [Test worker] DEBUG io.micronaut.context.env.AbstractPropertySourceLoader - No PropertySource found for file name: application-t.yml
12:33:17.504 [Test worker] DEBUG io.micronaut.context.env.AbstractPropertySourceLoader - No PropertySource found for file name: application-t.yaml
12:33:17.504 [Test worker] DEBUG io.micronaut.context.env.AbstractPropertySourceLoader - No PropertySource found for file name: application-e.yml
12:33:17.504 [Test worker] DEBUG io.micronaut.context.env.AbstractPropertySourceLoader - No PropertySource found for file name: application-e.yaml
12:33:17.504 [Test worker] DEBUG io.micronaut.context.env.AbstractPropertySourceLoader - No PropertySource found for file name: application-s.yml
12:33:17.504 [Test worker] DEBUG io.micronaut.context.env.AbstractPropertySourceLoader - No PropertySource found for file name: application-s.yaml
12:33:17.504 [Test worker] DEBUG io.micronaut.context.env.DefaultEnvironment - Reading property sources from loader: io.micronaut.context.env.PropertiesPropertySourceLoader@2cd4fcb3
12:33:17.505 [Test worker] DEBUG io.micronaut.context.env.AbstractPropertySourceLoader - No PropertySource found for file name: application.properties
12:33:17.505 [Test worker] DEBUG io.micronaut.context.env.AbstractPropertySourceLoader - No PropertySource found for file name: application-test.properties
12:33:17.505 [Test worker] DEBUG io.micronaut.context.env.AbstractPropertySourceLoader - No PropertySource found for file name: application-t.properties
12:33:17.505 [Test worker] DEBUG io.micronaut.context.env.AbstractPropertySourceLoader - No PropertySource found for file name: application-e.properties
12:33:17.505 [Test worker] DEBUG io.micronaut.context.env.AbstractPropertySourceLoader - No PropertySource found for file name: application-s.properties
12:33:17.508 [Test worker] DEBUG io.micronaut.context.env.DefaultEnvironment - Processing property source: env
12:33:17.511 [Test worker] DEBUG io.micronaut.context.env.DefaultEnvironment - Processing property source: system
12:33:17.515 [Test worker] DEBUG io.micronaut.context.DefaultBeanContext - Finding candidate beans for type: interface io.micronaut.context.env.Environment
12:33:17.516 [Test worker] DEBUG io.micronaut.context.DefaultBeanContext - No bean candidates found for type: interface io.micronaut.context.env.Environment
12:33:17.518 [Test worker] DEBUG io.micronaut.context.DefaultBeanContext - Starting BeanContext
12:33:17.561 [Test worker] DEBUG io.micronaut.context.DefaultBeanContext - Finding candidate beans for type: interface io.micronaut.context.event.BeanCreatedEventListener
12:33:17.561 [Test worker] DEBUG io.micronaut.context.DefaultBeanContext - No bean candidates found for type: interface io.micronaut.context.event.BeanCreatedEventListener
12:33:17.562 [Test worker] DEBUG io.micronaut.context.DefaultBeanContext - Finding candidate beans for type: interface io.micronaut.context.event.BeanInitializedEventListener
12:33:17.562 [Test worker] DEBUG io.micronaut.context.DefaultBeanContext - No bean candidates found for type: interface io.micronaut.context.event.BeanInitializedEventListener
12:33:17.562 [Test worker] DEBUG io.micronaut.context.DefaultBeanContext - Resolving beans for type: io.micronaut.core.convert.TypeConverter
12:33:17.562 [Test worker] DEBUG io.micronaut.context.DefaultBeanContext - Finding candidate beans for type: interface io.micronaut.core.convert.TypeConverter
12:33:17.562 [Test worker] DEBUG io.micronaut.context.DefaultBeanContext - No bean candidates found for type: interface io.micronaut.core.convert.TypeConverter
12:33:17.562 [Test worker] DEBUG io.micronaut.context.DefaultBeanContext - Found no possible candidate beans of type [io.micronaut.core.convert.TypeConverter] for qualifier: null 
12:33:17.563 [Test worker] DEBUG io.micronaut.context.DefaultBeanContext - Resolving beans for type: io.micronaut.core.convert.TypeConverterRegistrar
12:33:17.563 [Test worker] DEBUG io.micronaut.context.DefaultBeanContext - Finding candidate beans for type: interface io.micronaut.core.convert.TypeConverterRegistrar
12:33:17.563 [Test worker] DEBUG io.micronaut.context.DefaultBeanContext - No bean candidates found for type: interface io.micronaut.core.convert.TypeConverterRegistrar
12:33:17.563 [Test worker] DEBUG io.micronaut.context.DefaultBeanContext - Found no possible candidate beans of type [io.micronaut.core.convert.TypeConverterRegistrar] for qualifier: null 
12:33:17.567 [Test worker] DEBUG io.micronaut.context.DefaultBeanContext - Loaded active configurations: io.micronaut.jackson
12:33:17.567 [Test worker] DEBUG io.micronaut.context.DefaultBeanContext - BeanContext Started.
12:33:17.567 [Test worker] DEBUG io.micronaut.context.event.ApplicationEventPublisher - Publishing event: io.micronaut.context.event.StartupEvent[source=io.micronaut.annotation.processing.test.AbstractTypeElementSpec$6@125c2581]
12:33:17.568 [Test worker] DEBUG io.micronaut.context.DefaultBeanContext - Resolving beans for type: <StartupEvent> io.micronaut.context.event.ApplicationEventListener 
12:33:17.569 [Test worker] DEBUG io.micronaut.context.DefaultBeanContext - Finding candidate beans for type: interface io.micronaut.context.event.ApplicationEventListener
12:33:17.569 [Test worker] DEBUG io.micronaut.context.DefaultBeanContext - No bean candidates found for type: interface io.micronaut.context.event.ApplicationEventListener
12:33:17.569 [Test worker] DEBUG io.micronaut.context.DefaultBeanContext - Found no possible candidate beans of type [io.micronaut.context.event.ApplicationEventListener] for qualifier: <StartupEvent> 
12:33:17.571 [Test worker] DEBUG io.micronaut.context.DefaultBeanContext - Finding candidate beans for type: class test.Test
12:33:17.574 [Test worker] DEBUG io.micronaut.context.DefaultBeanContext - Resolved bean candidates [Definition: test.$TestDefinition$Intercepted] for type: class test.Test
12:33:17.574 [Test worker] DEBUG io.micronaut.context.DefaultBeanContext - Finalized bean definitions candidates: [Definition: test.$TestDefinition$Intercepted]
12:33:17.618 [Test worker] DEBUG io.micronaut.context.env.DefaultEnvironment - Environment deduction is using the default of: true
12:33:17.619 [Test worker] INFO io.micronaut.context.env.DefaultEnvironment - Established active environments: [test, t, e, s]
12:33:17.620 [Test worker] DEBUG io.micronaut.context.env.DefaultEnvironment - Starting environment io.micronaut.context.DefaultApplicationContext$RuntimeConfiguredEnvironment@15c96bc for active names [test, t, e, s]
12:33:17.621 [Test worker] DEBUG io.micronaut.context.env.DefaultEnvironment - Reading property sources from loader: io.micronaut.jackson.env.JsonPropertySourceLoader@5e8fc598
12:33:17.621 [Test worker] DEBUG io.micronaut.context.env.AbstractPropertySourceLoader - No PropertySource found for file name: application.json
12:33:17.621 [Test worker] DEBUG io.micronaut.context.env.AbstractPropertySourceLoader - No PropertySource found for file name: application-test.json
12:33:17.621 [Test worker] DEBUG io.micronaut.context.env.AbstractPropertySourceLoader - No PropertySource found for file name: application-t.json
12:33:17.621 [Test worker] DEBUG io.micronaut.context.env.AbstractPropertySourceLoader - No PropertySource found for file name: application-e.json
12:33:17.622 [Test worker] DEBUG io.micronaut.context.env.AbstractPropertySourceLoader - No PropertySource found for file name: application-s.json
12:33:17.622 [Test worker] DEBUG io.micronaut.context.env.DefaultEnvironment - Reading property sources from loader: io.micronaut.jackson.env.EnvJsonPropertySourceLoader@5055bc89
12:33:17.622 [Test worker] DEBUG io.micronaut.context.env.AbstractPropertySourceLoader - No PropertySource found for file name: application.json
12:33:17.622 [Test worker] DEBUG io.micronaut.context.env.AbstractPropertySourceLoader - No PropertySource found for file name: application-test.json
12:33:17.622 [Test worker] DEBUG io.micronaut.context.env.AbstractPropertySourceLoader - No PropertySource found for file name: application-t.json
12:33:17.622 [Test worker] DEBUG io.micronaut.context.env.AbstractPropertySourceLoader - No PropertySource found for file name: application-e.json
12:33:17.622 [Test worker] DEBUG io.micronaut.context.env.AbstractPropertySourceLoader - No PropertySource found for file name: application-s.json
12:33:17.622 [Test worker] DEBUG io.micronaut.context.env.DefaultEnvironment - Reading property sources from loader: io.micronaut.context.env.yaml.YamlPropertySourceLoader@5f6e8978
12:33:17.622 [Test worker] DEBUG io.micronaut.context.env.AbstractPropertySourceLoader - No PropertySource found for file name: application.yml
12:33:17.622 [Test worker] DEBUG io.micronaut.context.env.AbstractPropertySourceLoader - No PropertySource found for file name: application.yaml
12:33:17.623 [Test worker] DEBUG io.micronaut.context.env.AbstractPropertySourceLoader - No PropertySource found for file name: application-test.yml
12:33:17.623 [Test worker] DEBUG io.micronaut.context.env.AbstractPropertySourceLoader - No PropertySource found for file name: application-test.yaml
12:33:17.623 [Test worker] DEBUG io.micronaut.context.env.AbstractPropertySourceLoader - No PropertySource found for file name: application-t.yml
12:33:17.623 [Test worker] DEBUG io.micronaut.context.env.AbstractPropertySourceLoader - No PropertySource found for file name: application-t.yaml
12:33:17.623 [Test worker] DEBUG io.micronaut.context.env.AbstractPropertySourceLoader - No PropertySource found for file name: application-e.yml
12:33:17.623 [Test worker] DEBUG io.micronaut.context.env.AbstractPropertySourceLoader - No PropertySource found for file name: application-e.yaml
12:33:17.624 [Test worker] DEBUG io.micronaut.context.env.AbstractPropertySourceLoader - No PropertySource found for file name: application-s.yml
12:33:17.624 [Test worker] DEBUG io.micronaut.context.env.AbstractPropertySourceLoader - No PropertySource found for file name: application-s.yaml
12:33:17.624 [Test worker] DEBUG io.micronaut.context.env.DefaultEnvironment - Reading property sources from loader: io.micronaut.context.env.PropertiesPropertySourceLoader@29a320a7
12:33:17.624 [Test worker] DEBUG io.micronaut.context.env.AbstractPropertySourceLoader - No PropertySource found for file name: application.properties
12:33:17.624 [Test worker] DEBUG io.micronaut.context.env.AbstractPropertySourceLoader - No PropertySource found for file name: application-test.properties
12:33:17.624 [Test worker] DEBUG io.micronaut.context.env.AbstractPropertySourceLoader - No PropertySource found for file name: application-t.properties
12:33:17.625 [Test worker] DEBUG io.micronaut.context.env.AbstractPropertySourceLoader - No PropertySource found for file name: application-e.properties
12:33:17.625 [Test worker] DEBUG io.micronaut.context.env.AbstractPropertySourceLoader - No PropertySource found for file name: application-s.properties
12:33:17.625 [Test worker] DEBUG io.micronaut.context.env.DefaultEnvironment - Processing property source: env
12:33:17.625 [Test worker] DEBUG io.micronaut.context.env.DefaultEnvironment - Processing property source: system
12:33:17.626 [Test worker] DEBUG io.micronaut.context.DefaultBeanContext - Finding candidate beans for type: interface io.micronaut.context.env.Environment
12:33:17.626 [Test worker] DEBUG io.micronaut.context.DefaultBeanContext - No bean candidates found for type: interface io.micronaut.context.env.Environment
12:33:17.626 [Test worker] DEBUG io.micronaut.context.DefaultBeanContext - Starting BeanContext
12:33:17.631 [Test worker] DEBUG io.micronaut.context.DefaultBeanContext - Finding candidate beans for type: interface io.micronaut.context.event.BeanCreatedEventListener
12:33:17.632 [Test worker] DEBUG io.micronaut.context.DefaultBeanContext - No bean candidates found for type: interface io.micronaut.context.event.BeanCreatedEventListener
12:33:17.632 [Test worker] DEBUG io.micronaut.context.DefaultBeanContext - Finding candidate beans for type: interface io.micronaut.context.event.BeanInitializedEventListener
12:33:17.632 [Test worker] DEBUG io.micronaut.context.DefaultBeanContext - No bean candidates found for type: interface io.micronaut.context.event.BeanInitializedEventListener
12:33:17.632 [Test worker] DEBUG io.micronaut.context.DefaultBeanContext - Resolving beans for type: io.micronaut.core.convert.TypeConverter
12:33:17.632 [Test worker] DEBUG io.micronaut.context.DefaultBeanContext - Finding candidate beans for type: interface io.micronaut.core.convert.TypeConverter
12:33:17.632 [Test worker] DEBUG io.micronaut.context.DefaultBeanContext - No bean candidates found for type: interface io.micronaut.core.convert.TypeConverter
12:33:17.632 [Test worker] DEBUG io.micronaut.context.DefaultBeanContext - Found no possible candidate beans of type [io.micronaut.core.convert.TypeConverter] for qualifier: null 
12:33:17.632 [Test worker] DEBUG io.micronaut.context.DefaultBeanContext - Resolving beans for type: io.micronaut.core.convert.TypeConverterRegistrar
12:33:17.632 [Test worker] DEBUG io.micronaut.context.DefaultBeanContext - Finding candidate beans for type: interface io.micronaut.core.convert.TypeConverterRegistrar
12:33:17.632 [Test worker] DEBUG io.micronaut.context.DefaultBeanContext - No bean candidates found for type: interface io.micronaut.core.convert.TypeConverterRegistrar
12:33:17.632 [Test worker] DEBUG io.micronaut.context.DefaultBeanContext - Found no possible candidate beans of type [io.micronaut.core.convert.TypeConverterRegistrar] for qualifier: null 
12:33:17.632 [Test worker] DEBUG io.micronaut.context.DefaultBeanContext - Loaded active configurations: io.micronaut.jackson
12:33:17.632 [Test worker] DEBUG io.micronaut.context.DefaultBeanContext - BeanContext Started.
12:33:17.632 [Test worker] DEBUG io.micronaut.context.event.ApplicationEventPublisher - Publishing event: io.micronaut.context.event.StartupEvent[source=io.micronaut.annotation.processing.test.AbstractTypeElementSpec$6@6ea46d97]
12:33:17.632 [Test worker] DEBUG io.micronaut.context.DefaultBeanContext - Resolving beans for type: <StartupEvent> io.micronaut.context.event.ApplicationEventListener 
12:33:17.632 [Test worker] DEBUG io.micronaut.context.DefaultBeanContext - Finding candidate beans for type: interface io.micronaut.context.event.ApplicationEventListener
12:33:17.632 [Test worker] DEBUG io.micronaut.context.DefaultBeanContext - No bean candidates found for type: interface io.micronaut.context.event.ApplicationEventListener
12:33:17.632 [Test worker] DEBUG io.micronaut.context.DefaultBeanContext - Found no possible candidate beans of type [io.micronaut.context.event.ApplicationEventListener] for qualifier: <StartupEvent> 
12:33:17.634 [Test worker] DEBUG io.micronaut.context.DefaultBeanContext - Finding candidate beans for type: class test.Test
12:33:17.637 [Test worker] DEBUG io.micronaut.context.DefaultBeanContext - Resolved bean candidates [Definition: test.$TestDefinition$Intercepted] for type: class test.Test
12:33:17.637 [Test worker] DEBUG io.micronaut.context.DefaultBeanContext - Finalized bean definitions candidates: [Definition: test.$TestDefinition$Intercepted]
]]></system-out>
  <system-err><![CDATA[]]></system-err>
</testsuite>
